device: cpu
loaded 79765 records, ROI = 3ˇŃ80
model parameters: 39,937
epoch   1/30  train=0.51383  val=0.16756  val_y_L1=0.2829 px  (7.3s)
  [save] caliper_edge.pt  (val_loss=0.16756)
epoch   2/30  train=0.15204  val=0.13778  val_y_L1=0.2575 px  (7.1s)
  [save] caliper_edge.pt  (val_loss=0.13778)
epoch   3/30  train=0.12818  val=0.13178  val_y_L1=0.2416 px  (7.4s)
  [save] caliper_edge.pt  (val_loss=0.13178)
epoch   4/30  train=0.11916  val=0.12191  val_y_L1=0.2334 px  (7.1s)
  [save] caliper_edge.pt  (val_loss=0.12191)
epoch   5/30  train=0.11373  val=0.11636  val_y_L1=0.2239 px  (7.2s)
  [save] caliper_edge.pt  (val_loss=0.11636)
epoch   6/30  train=0.11037  val=0.11075  val_y_L1=0.2148 px  (7.4s)
  [save] caliper_edge.pt  (val_loss=0.11075)
epoch   7/30  train=0.10728  val=0.11155  val_y_L1=0.2176 px  (7.3s)
epoch   8/30  train=0.10518  val=0.10881  val_y_L1=0.2129 px  (7.4s)
  [save] caliper_edge.pt  (val_loss=0.10881)
epoch   9/30  train=0.10366  val=0.10719  val_y_L1=0.2093 px  (7.6s)
  [save] caliper_edge.pt  (val_loss=0.10719)
epoch  10/30  train=0.10256  val=0.10704  val_y_L1=0.2084 px  (7.8s)
  [save] caliper_edge.pt  (val_loss=0.10704)
epoch  11/30  train=0.10134  val=0.10877  val_y_L1=0.2132 px  (7.9s)
epoch  12/30  train=0.10058  val=0.10465  val_y_L1=0.2048 px  (7.8s)
  [save] caliper_edge.pt  (val_loss=0.10465)
epoch  13/30  train=0.10023  val=0.10367  val_y_L1=0.2034 px  (7.8s)
  [save] caliper_edge.pt  (val_loss=0.10367)
epoch  14/30  train=0.09940  val=0.10374  val_y_L1=0.2038 px  (7.8s)
epoch  15/30  train=0.09851  val=0.10279  val_y_L1=0.2016 px  (7.8s)
  [save] caliper_edge.pt  (val_loss=0.10279)
epoch  16/30  train=0.09775  val=0.10230  val_y_L1=0.2008 px  (7.9s)
  [save] caliper_edge.pt  (val_loss=0.10230)
epoch  17/30  train=0.09757  val=0.10403  val_y_L1=0.2043 px  (7.8s)
epoch  18/30  train=0.09709  val=0.10039  val_y_L1=0.1974 px  (7.7s)
  [save] caliper_edge.pt  (val_loss=0.10039)
epoch  19/30  train=0.09611  val=0.10129  val_y_L1=0.1991 px  (7.7s)
epoch  20/30  train=0.09572  val=0.10067  val_y_L1=0.1981 px  (7.7s)
epoch  21/30  train=0.09506  val=0.09994  val_y_L1=0.1967 px  (7.8s)
  [save] caliper_edge.pt  (val_loss=0.09994)
epoch  22/30  train=0.09465  val=0.10052  val_y_L1=0.1979 px  (7.7s)
epoch  23/30  train=0.09424  val=0.10057  val_y_L1=0.1978 px  (7.8s)
epoch  24/30  train=0.09384  val=0.10005  val_y_L1=0.1971 px  (7.8s)
epoch  25/30  train=0.09323  val=0.09962  val_y_L1=0.1962 px  (7.7s)
  [save] caliper_edge.pt  (val_loss=0.09962)
epoch  26/30  train=0.09289  val=0.09992  val_y_L1=0.1969 px  (8.0s)
epoch  27/30  train=0.09257  val=0.09944  val_y_L1=0.1960 px  (7.8s)
  [save] caliper_edge.pt  (val_loss=0.09944)
epoch  28/30  train=0.09231  val=0.09945  val_y_L1=0.1960 px  (7.8s)
epoch  29/30  train=0.09211  val=0.09939  val_y_L1=0.1959 px  (7.8s)
  [save] caliper_edge.pt  (val_loss=0.09939)
epoch  30/30  train=0.09198  val=0.09939  val_y_L1=0.1959 px  (7.7s)
  [save] caliper_edge.pt  (val_loss=0.09939)

best val_loss=0.09939 ˇ÷ caliper_edge.pt
